frontend/nativescript/platforms/android/build/outputs/logs/manifest-merger-F0-F1-F2-debug-report.txt
-- Merging decision tree log ---
manifest
ADDED from src\main\AndroidManifest.xml:2:1-46:12
	package
		ADDED from src\main\AndroidManifest.xml:3:2-39
		INJECTED from src\main\AndroidManifest.xml
		INJECTED from src\F0\AndroidManifest.xml
	android:versionName
		ADDED from src\main\AndroidManifest.xml:5:2-27
		INJECTED from src\main\AndroidManifest.xml
		ADDED from src\main\AndroidManifest.xml:5:2-27
		INJECTED from src\F0\AndroidManifest.xml
	android:versionCode
		ADDED from src\main\AndroidManifest.xml:4:2-25
		INJECTED from src\main\AndroidManifest.xml
		ADDED from src\main\AndroidManifest.xml:4:2-25
		INJECTED from src\F0\AndroidManifest.xml
	xmlns:android
		ADDED from src\main\AndroidManifest.xml:2:11-69
supports-screens
ADDED from src\main\AndroidManifest.xml:7:2-11:33
	android:largeScreens
		ADDED from src\main\AndroidManifest.xml:10:3-30
	android:smallScreens
		ADDED from src\main\AndroidManifest.xml:8:3-30
	android:normalScreens
		ADDED from src\main\AndroidManifest.xml:9:3-31
	android:xlargeScreens
		ADDED from src\main\AndroidManifest.xml:11:3-31
uses-sdk
ADDED from src\main\AndroidManifest.xml:13:2-15:34
MERGED from [nativescript:runtime:unspecified] AndroidManifest.xml:7:5-9:41
MERGED from [com.mapbox.mapboxsdk:mapbox-android-sdk:5.0.2] AndroidManifest.xml:5:5-7:41
MERGED from [com.jakewharton.timber:timber:4.5.1] AndroidManifest.xml:6:5-43
MERGED from [com.mapzen.android:lost:2.1.2] AndroidManifest.xml:5:5-7:41
MERGED from [com.mapbox.mapboxsdk:mapbox-android-telemetry:2.0.0] AndroidManifest.xml:7:5-9:41
MERGED from [:widgets-release:] AndroidManifest.xml:7:5-9:41
MERGED from [com.android.support:design:25.3.1] AndroidManifest.xml:21:5-23:62
MERGED from [com.android.support:appcompat-v7:25.3.1] AndroidManifest.xml:21:5-23:78
MERGED from [com.android.support:animated-vector-drawable:25.3.1] AndroidManifest.xml:20:5-44
MERGED from [com.android.support:support-vector-drawable:25.3.1] AndroidManifest.xml:20:5-43
MERGED from [com.android.support:recyclerview-v7:25.3.1] AndroidManifest.xml:20:5-43
MERGED from [com.android.support:transition:25.3.1] AndroidManifest.xml:20:5-44
MERGED from [com.android.support:support-v4:25.3.1] AndroidManifest.xml:21:5-23:54
MERGED from [com.android.support:support-fragment:25.3.1] AndroidManifest.xml:21:5-23:60
MERGED from [com.android.support:support-media-compat:25.3.1] AndroidManifest.xml:21:5-23:63
MERGED from [com.android.support:support-core-ui:25.3.1] AndroidManifest.xml:21:5-23:58
MERGED from [com.android.support:support-core-utils:25.3.1] AndroidManifest.xml:21:5-23:61
MERGED from [com.android.support:support-compat:25.3.1] AndroidManifest.xml:21:5-23:58
	tools:overrideLibrary
		ADDED from [com.android.support:design:25.3.1] AndroidManifest.xml:23:9-59
	android:targetSdkVersion
		ADDED from src\main\AndroidManifest.xml:15:3-32
		INJECTED from src\main\AndroidManifest.xml
		INJECTED from src\F0\AndroidManifest.xml
	android:minSdkVersion
		ADDED from src\main\AndroidManifest.xml:14:3-29
		INJECTED from src\main\AndroidManifest.xml
		INJECTED from src\F0\AndroidManifest.xml
uses-permission#android.permission.READ_EXTERNAL_STORAGE
ADDED from src\main\AndroidManifest.xml:17:2-76
	android:name
		ADDED from src\main\AndroidManifest.xml:17:19-74
uses-permission#android.permission.WRITE_EXTERNAL_STORAGE
ADDED from src\main\AndroidManifest.xml:18:2-77
	android:name
		ADDED from src\main\AndroidManifest.xml:18:19-75
uses-permission#android.permission.INTERNET
ADDED from src\main\AndroidManifest.xml:19:2-63
MERGED from [com.mapbox.mapboxsdk:mapbox-android-sdk:5.0.2] AndroidManifest.xml:16:5-67
	android:name
		ADDED from src\main\AndroidManifest.xml:19:19-61
uses-permission#android.permission.ACCESS_COARSE_LOCATION
ADDED from src\main\AndroidManifest.xml:20:3-78
MERGED from src\main\AndroidManifest.xml:20:3-78
	android:name
		ADDED from src\main\AndroidManifest.xml:20:20-76
uses-permission#android.permission.ACCESS_FINE_LOCATION
ADDED from src\main\AndroidManifest.xml:21:3-77
MERGED from src\F1\AndroidManifest.xml:6:3-76
MERGED from src\main\AndroidManifest.xml:21:3-77
	android:name
		ADDED from src\main\AndroidManifest.xml:21:20-74
application
ADDED from src\main\AndroidManifest.xml:23:2-45:16
MERGED from src\main\AndroidManifest.xml:23:2-45:16
MERGED from [com.mapbox.mapboxsdk:mapbox-android-sdk:5.0.2] AndroidManifest.xml:20:5-24:19
MERGED from [com.jakewharton.timber:timber:4.5.1] AndroidManifest.xml:8:5-20
MERGED from [com.mapzen.android:lost:2.1.2] AndroidManifest.xml:19:5-28:19
MERGED from [com.mapbox.mapboxsdk:mapbox-android-telemetry:2.0.0] AndroidManifest.xml:11:5-14:38
MERGED from [:widgets-release:] AndroidManifest.xml:11:5-12:19
MERGED from [com.android.support:design:25.3.1] AndroidManifest.xml:29:5-20
MERGED from [com.android.support:appcompat-v7:25.3.1] AndroidManifest.xml:29:5-20
MERGED from [com.android.support:animated-vector-drawable:25.3.1] AndroidManifest.xml:26:5-20
MERGED from [com.android.support:support-vector-drawable:25.3.1] AndroidManifest.xml:26:5-20
MERGED from [com.android.support:transition:25.3.1] AndroidManifest.xml:26:5-20
MERGED from [com.android.support:support-v4:25.3.1] AndroidManifest.xml:29:5-20
MERGED from [com.android.support:support-fragment:25.3.1] AndroidManifest.xml:29:5-20
MERGED from [com.android.support:support-media-compat:25.3.1] AndroidManifest.xml:29:5-20
MERGED from [com.android.support:support-core-ui:25.3.1] AndroidManifest.xml:29:5-20
MERGED from [com.android.support:support-core-utils:25.3.1] AndroidManifest.xml:29:5-20
MERGED from [com.android.support:support-compat:25.3.1] AndroidManifest.xml:29:5-20
	android:label
		ADDED from src\main\AndroidManifest.xml:27:3-35
		ADDED from src\main\AndroidManifest.xml:27:3-35
	android:supportsRtl
		ADDED from [com.mapbox.mapboxsdk:mapbox-android-telemetry:2.0.0] AndroidManifest.xml:14:9-35
	android:allowBackup
		ADDED from src\main\AndroidManifest.xml:25:3-29
		ADDED from src\main\AndroidManifest.xml:25:3-29
	android:icon
		ADDED from src\main\AndroidManifest.xml:26:3-32
		ADDED from src\main\AndroidManifest.xml:26:3-32
	android:theme
		ADDED from src\main\AndroidManifest.xml:28:3-34
		ADDED from src\main\AndroidManifest.xml:28:3-34
	android:name
		ADDED from src\main\AndroidManifest.xml:24:3-49
		ADDED from src\main\AndroidManifest.xml:24:3-49
activity#com.tns.NativeScriptActivity
ADDED from src\main\AndroidManifest.xml:29:3-42:14
	android:label
		ADDED from src\main\AndroidManifest.xml:31:4-49
	android:configChanges
		ADDED from src\main\AndroidManifest.xml:32:4-65
	android:theme
		ADDED from src\main\AndroidManifest.xml:33:4-44
	android:name
		ADDED from src\main\AndroidManifest.xml:30:4-47
meta-data#SET_THEME_ON_LAUNCH
ADDED from src\main\AndroidManifest.xml:35:5-87
	android:resource
		ADDED from src\main\AndroidManifest.xml:35:51-85
	android:name
		ADDED from src\main\AndroidManifest.xml:35:16-50
intent-filter#android.intent.action.MAIN+android.intent.category.LAUNCHER
ADDED from src\main\AndroidManifest.xml:37:5-41:20
action#android.intent.action.MAIN
ADDED from src\main\AndroidManifest.xml:38:5-57
	android:name
		ADDED from src\main\AndroidManifest.xml:38:13-54
category#android.intent.category.LAUNCHER
ADDED from src\main\AndroidManifest.xml:40:5-65
	android:name
		ADDED from src\main\AndroidManifest.xml:40:15-62
activity#com.tns.ErrorReportActivity
ADDED from src\main\AndroidManifest.xml:43:3-57
	android:name
		ADDED from src\main\AndroidManifest.xml:43:13-55
service#com.mapbox.services.android.telemetry.service.TelemetryService
ADDED from src\main\AndroidManifest.xml:44:5-94
MERGED from src\main\AndroidManifest.xml:44:5-94
MERGED from [com.mapbox.mapboxsdk:mapbox-android-sdk:5.0.2] AndroidManifest.xml:23:9-98
	android:name
		ADDED from src\main\AndroidManifest.xml:44:14-91
uses-feature#0x00020000
ADDED from [com.mapbox.mapboxsdk:mapbox-android-sdk:5.0.2] AndroidManifest.xml:9:5-11:35
	android:glEsVersion
		ADDED from [com.mapbox.mapboxsdk:mapbox-android-sdk:5.0.2] AndroidManifest.xml:10:9-41
	android:required
		ADDED from [com.mapbox.mapboxsdk:mapbox-android-sdk:5.0.2] AndroidManifest.xml:11:9-32
uses-feature#android.hardware.wifi
ADDED from [com.mapbox.mapboxsdk:mapbox-android-sdk:5.0.2] AndroidManifest.xml:12:5-14:36
MERGED from [com.mapzen.android:lost:2.1.2] AndroidManifest.xml:17:5-58
	android:required
		ADDED from [com.mapbox.mapboxsdk:mapbox-android-sdk:5.0.2] AndroidManifest.xml:14:9-33
		MERGED from src\F0\AndroidManifest.xml
	android:name
		ADDED from [com.mapbox.mapboxsdk:mapbox-android-sdk:5.0.2] AndroidManifest.xml:13:9-45
uses-permission#android.permission.ACCESS_NETWORK_STATE
ADDED from [com.mapbox.mapboxsdk:mapbox-android-sdk:5.0.2] AndroidManifest.xml:17:5-79
	android:name
		ADDED from [com.mapbox.mapboxsdk:mapbox-android-sdk:5.0.2] AndroidManifest.xml:17:22-76
uses-permission#android.permission.ACCESS_WIFI_STATE
ADDED from [com.mapbox.mapboxsdk:mapbox-android-sdk:5.0.2] AndroidManifest.xml:18:5-76
	android:name
		ADDED from [com.mapbox.mapboxsdk:mapbox-android-sdk:5.0.2] AndroidManifest.xml:18:22-73
uses-feature#android.hardware.sensor.accelerometer
ADDED from [com.mapzen.android:lost:2.1.2] AndroidManifest.xml:9:5-11:36
	android:required
		ADDED from [com.mapzen.android:lost:2.1.2] AndroidManifest.xml:11:9-33
	android:name
		ADDED from [com.mapzen.android:lost:2.1.2] AndroidManifest.xml:10:9-61
uses-feature#android.hardware.location
ADDED from [com.mapzen.android:lost:2.1.2] AndroidManifest.xml:12:5-62
	android:name
		ADDED from [com.mapzen.android:lost:2.1.2] AndroidManifest.xml:12:19-59
uses-feature#android.hardware.location.gps
ADDED from [com.mapzen.android:lost:2.1.2] AndroidManifest.xml:13:5-66
	android:name
		ADDED from [com.mapzen.android:lost:2.1.2] AndroidManifest.xml:13:19-63
uses-feature#android.hardware.telephony
ADDED from [com.mapzen.android:lost:2.1.2] AndroidManifest.xml:14:5-16:36
	android:required
		ADDED from [com.mapzen.android:lost:2.1.2] AndroidManifest.xml:16:9-33
	android:name
		ADDED from [com.mapzen.android:lost:2.1.2] AndroidManifest.xml:15:9-50
service#com.mapzen.android.lost.internal.FusedLocationProviderService
ADDED from [com.mapzen.android:lost:2.1.2] AndroidManifest.xml:20:9-97
	android:name
		ADDED from [com.mapzen.android:lost:2.1.2] AndroidManifest.xml:20:18-94
service#com.mapzen.android.lost.internal.GeofencingIntentService
ADDED from [com.mapzen.android:lost:2.1.2] AndroidManifest.xml:21:9-25:19
	android:name
		ADDED from [com.mapzen.android:lost:2.1.2] AndroidManifest.xml:21:18-89
intent-filter#com.mapzen.lost.action.ACTION_GEOFENCING_SERVICE
ADDED from [com.mapzen.android:lost:2.1.2] AndroidManifest.xml:22:13-24:29
action#com.mapzen.lost.action.ACTION_GEOFENCING_SERVICE
ADDED from [com.mapzen.android:lost:2.1.2] AndroidManifest.xml:23:17-91
	android:name
		ADDED from [com.mapzen.android:lost:2.1.2] AndroidManifest.xml:23:25-88
service#com.mapzen.android.lost.internal.DwellIntentService
ADDED from [com.mapzen.android:lost:2.1.2] AndroidManifest.xml:26:9-27:19
	android:name
		ADDED from [com.mapzen.android:lost:2.1.2] AndroidManifest.xml:26:18-84
meta-data#android.support.VERSION
ADDED from [com.android.support:design:25.3.1] AndroidManifest.xml:25:5-27:34
MERGED from [com.android.support:appcompat-v7:25.3.1] AndroidManifest.xml:25:5-27:34
MERGED from [com.android.support:animated-vector-drawable:25.3.1] AndroidManifest.xml:22:5-24:34
MERGED from [com.android.support:support-vector-drawable:25.3.1] AndroidManifest.xml:22:5-24:34
MERGED from [com.android.support:recyclerview-v7:25.3.1] AndroidManifest.xml:22:5-24:34
MERGED from [com.android.support:transition:25.3.1] AndroidManifest.xml:22:5-24:34
MERGED from [com.android.support:support-v4:25.3.1] AndroidManifest.xml:25:5-27:34
MERGED from [com.android.support:support-fragment:25.3.1] AndroidManifest.xml:25:5-27:34
MERGED from [com.android.support:support-media-compat:25.3.1] AndroidManifest.xml:25:5-27:34
MERGED from [com.android.support:support-core-ui:25.3.1] AndroidManifest.xml:25:5-27:34
MERGED from [com.android.support:support-core-utils:25.3.1] AndroidManifest.xml:25:5-27:34
MERGED from [com.android.support:support-compat:25.3.1] AndroidManifest.xml:25:5-27:34
	android:value
		ADDED from [com.android.support:design:25.3.1] AndroidManifest.xml:27:9-31
	android:name
		ADDED from [com.android.support:design:25.3.1] AndroidManifest.xml:26:9-47